<?xml version="1.0" encoding="UTF-8"?>
<!-- Generated by org.testng.reporters.JUnitXMLReporter -->
<testsuite hostname="劲鸡丁" ignored="0" name="case" tests="12" failures="0" timestamp="2021-07-05T19:21:36 CST" time="1.569" errors="0">
  <testcase name="RegistTest" time="0.839" classname="cn.httptest.Case.RegisterCase"/>
  <testcase name="RegistTest" time="0.01" classname="cn.httptest.Case.RegisterCase"/>
  <testcase name="RegistTest" time="0.012" classname="cn.httptest.Case.RegisterCase"/>
  <testcase name="RegistTest" time="0.013" classname="cn.httptest.Case.RegisterCase"/>
  <testcase name="RegistTest" time="0.011" classname="cn.httptest.Case.RegisterCase"/>
  <testcase name="RegistTest" time="0.011" classname="cn.httptest.Case.RegisterCase"/>
  <testcase name="LoginTest" time="0.01" classname="cn.httptest.Case.LoginCase"/>
  <testcase name="LoginTest" time="0.009" classname="cn.httptest.Case.LoginCase"/>
  <testcase name="LoginTest" time="0.01" classname="cn.httptest.Case.LoginCase"/>
  <testcase name="LoginTest" time="0.011" classname="cn.httptest.Case.LoginCase"/>
  <testcase name="LoginTest" time="0.01" classname="cn.httptest.Case.LoginCase"/>
  <testcase name="Crudtest" time="0.018" classname="cn.httptest.Case.CrudCase"/>
</testsuite> <!-- case -->
